<?xml version="1.0" encoding="UTF-8"?>
<testng-results ignored="0" total="1" passed="1" failed="0" skipped="0">
  <reporter-output>
  </reporter-output>
  <suite started-at="2025-05-06T20:23:26 IST" name="Default suite" finished-at="2025-05-06T20:23:43 IST" duration-ms="16779">
    <groups>
      <group name="smoke">
        <method signature="LoginTest4.LoginTest()[pri:0, instance:com.ui.tests.LoginTest4@367ffa75]" name="LoginTest" class="com.ui.tests.LoginTest4"/>
      </group> <!-- smoke -->
      <group name="sanity">
        <method signature="LoginTest4.LoginTest()[pri:0, instance:com.ui.tests.LoginTest4@367ffa75]" name="LoginTest" class="com.ui.tests.LoginTest4"/>
      </group> <!-- sanity -->
    </groups>
    <test started-at="2025-05-06T20:23:26 IST" name="Default test" finished-at="2025-05-06T20:23:43 IST" duration-ms="16779">
      <class name="com.ui.tests.LoginTest4">
        <test-method is-config="true" signature="setUp()[pri:0, instance:com.ui.tests.LoginTest4@367ffa75]" started-at="2025-05-06T20:23:26 IST" name="setUp" description="Load the homepage of website" finished-at="2025-05-06T20:23:38 IST" duration-ms="11403" status="PASS">
          <reporter-output>
          </reporter-output>
        </test-method> <!-- setUp -->
        <test-method signature="LoginTest()[pri:0, instance:com.ui.tests.LoginTest4@367ffa75]" started-at="2025-05-06T20:23:38 IST" name="LoginTest" description="Verify the Login with valid credentials" finished-at="2025-05-06T20:23:43 IST" duration-ms="4965" status="PASS">
          <reporter-output>
          </reporter-output>
        </test-method> <!-- LoginTest -->
      </class> <!-- com.ui.tests.LoginTest4 -->
    </test> <!-- Default test -->
  </suite> <!-- Default suite -->
</testng-results>
